<?xml version="1.0" encoding="UTF-8"?>
<!-- Generated by org.testng.reporters.JUnitXMLReporter -->
<testsuite ignored="0" hostname="HPEliteBook" failures="3" tests="11" name="Test" time="646.034" errors="0" timestamp="2024-03-25T18:50:43 IST">
  <testcase classname="org.testone.TestingSignin" name="testcase001" time="12.607"/>
  <testcase classname="org.testone.TestingSignin" name="testcase001" time="11.962"/>
  <testcase classname="org.testone.TestingSignin" name="testcase001" time="13.222"/>
  <testcase classname="org.testone.TestingSignin" name="testcase001" time="15.895"/>
  <testcase classname="org.testone.TestingLogin" name="testCase002" time="13.996"/>
  <testcase classname="org.testone.TestingBottomMenu" name="testCase004" time="85.38"/>
  <testcase classname="org.testone.TestingMenu" name="testCase003" time="81.755"/>
  <testcase classname="org.testone.TestinAdditemfrombrands" name="testCase010" time="38.907">
    <failure type="org.openqa.selenium.ElementClickInterceptedException" message="element click intercepted: Element &amp;lt;button class=&amp;quot;c-button c-button-primary c-button-lg c-button-block c-button-icon c-button-icon-leading add-to-cart-button&amp;quot; type=&amp;quot;button&amp;quot; data-sku-id=&amp;quot;6535561&amp;quot; data-button-state=&amp;quot;ADD_TO_CART&amp;quot; style=&amp;quot;padding:0 8px;margin-bottom:8px;margin-left:0px&amp;quot;&amp;gt;...&amp;lt;/button&amp;gt; is not clickable at point (999, 22). Other element would receive the click: &amp;lt;button class=&amp;quot;c-button-unstyled store-loc-btn&amp;quot; type=&amp;quot;button&amp;quot; aria-label=&amp;quot;Your Store: North Anchorage (Tikahtnu Commons)&amp;quot; data-cy=&amp;quot;location-tooltip-lv-button&amp;quot; aria-expanded=&amp;quot;false&amp;quot; aria-controls=&amp;quot;store-loc-overlay&amp;quot;&amp;gt;...&amp;lt;/button&amp;gt;
  (Session info: chrome=122.0.6261.131)
Build info: version: &amp;apos;4.17.0&amp;apos;, revision: &amp;apos;e52b1be057*&amp;apos;
System info: os.name: &amp;apos;Windows 11&amp;apos;, os.arch: &amp;apos;amd64&amp;apos;, os.version: &amp;apos;10.0&amp;apos;, java.version: &amp;apos;17.0.9&amp;apos;
Driver info: org.openqa.selenium.chrome.ChromeDriver
Command: [8dbd558b152f374dd9ab2ab597ada7dc, clickElement {id=f.9C16F0FA7D9A60FB43029005E0B0CA23.d.FA70EBCB52FEE3017B1F8E332C543F75.e.435}]
Capabilities {acceptInsecureCerts: false, browserName: chrome, browserVersion: 122.0.6261.131, chrome: {chromedriverVersion: 122.0.6261.128 (f18a44fedeb..., userDataDir: C:\Users\HP\AppData\Local\T...}, fedcm:accounts: true, goog:chromeOptions: {debuggerAddress: localhost:65474}, networkConnectionEnabled: false, pageLoadStrategy: normal, platformName: windows, proxy: Proxy(), se:cdp: ws://localhost:65474/devtoo..., se:cdpVersion: 122.0.6261.131, setWindowRect: true, strictFileInteractability: false, timeouts: {implicit: 0, pageLoad: 300000, script: 30000}, unhandledPromptBehavior: dismiss and notify, webauthn:extension:credBlob: true, webauthn:extension:largeBlob: true, webauthn:extension:minPinLength: true, webauthn:extension:prf: true, webauthn:virtualAuthenticators: true}
Element: [[ChromeDriver: chrome on windows (8dbd558b152f374dd9ab2ab597ada7dc)] -&amp;gt; xpath: (//button[@data-sku-id=&amp;apos;6535561&amp;apos;])[1]]
Session ID: 8dbd558b152f374dd9ab2ab597ada7dc">
      <![CDATA[org.openqa.selenium.ElementClickInterceptedException: element click intercepted: Element <button class="c-button c-button-primary c-button-lg c-button-block c-button-icon c-button-icon-leading add-to-cart-button" type="button" data-sku-id="6535561" data-button-state="ADD_TO_CART" style="padding:0 8px;margin-bottom:8px;margin-left:0px">...</button> is not clickable at point (999, 22). Other element would receive the click: <button class="c-button-unstyled store-loc-btn" type="button" aria-label="Your Store: North Anchorage (Tikahtnu Commons)" data-cy="location-tooltip-lv-button" aria-expanded="false" aria-controls="store-loc-overlay">...</button>
  (Session info: chrome=122.0.6261.131)
Build info: version: '4.17.0', revision: 'e52b1be057*'
System info: os.name: 'Windows 11', os.arch: 'amd64', os.version: '10.0', java.version: '17.0.9'
Driver info: org.openqa.selenium.chrome.ChromeDriver
Command: [8dbd558b152f374dd9ab2ab597ada7dc, clickElement {id=f.9C16F0FA7D9A60FB43029005E0B0CA23.d.FA70EBCB52FEE3017B1F8E332C543F75.e.435}]
Capabilities {acceptInsecureCerts: false, browserName: chrome, browserVersion: 122.0.6261.131, chrome: {chromedriverVersion: 122.0.6261.128 (f18a44fedeb..., userDataDir: C:\Users\HP\AppData\Local\T...}, fedcm:accounts: true, goog:chromeOptions: {debuggerAddress: localhost:65474}, networkConnectionEnabled: false, pageLoadStrategy: normal, platformName: windows, proxy: Proxy(), se:cdp: ws://localhost:65474/devtoo..., se:cdpVersion: 122.0.6261.131, setWindowRect: true, strictFileInteractability: false, timeouts: {implicit: 0, pageLoad: 300000, script: 30000}, unhandledPromptBehavior: dismiss and notify, webauthn:extension:credBlob: true, webauthn:extension:largeBlob: true, webauthn:extension:minPinLength: true, webauthn:extension:prf: true, webauthn:virtualAuthenticators: true}
Element: [[ChromeDriver: chrome on windows (8dbd558b152f374dd9ab2ab597ada7dc)] -> xpath: (//button[@data-sku-id='6535561'])[1]]
Session ID: 8dbd558b152f374dd9ab2ab597ada7dc
at org.openqa.selenium.remote.codec.w3c.W3CHttpResponseCodec.createException(W3CHttpResponseCodec.java:185)
at org.openqa.selenium.remote.codec.w3c.W3CHttpResponseCodec.decode(W3CHttpResponseCodec.java:134)
at org.openqa.selenium.remote.codec.w3c.W3CHttpResponseCodec.decode(W3CHttpResponseCodec.java:51)
at org.openqa.selenium.remote.HttpCommandExecutor.execute(HttpCommandExecutor.java:190)
at org.openqa.selenium.remote.service.DriverCommandExecutor.invokeExecute(DriverCommandExecutor.java:216)
at org.openqa.selenium.remote.service.DriverCommandExecutor.execute(DriverCommandExecutor.java:174)
at org.openqa.selenium.remote.RemoteWebDriver.execute(RemoteWebDriver.java:519)
at org.openqa.selenium.remote.RemoteWebElement.execute(RemoteWebElement.java:223)
at org.openqa.selenium.remote.RemoteWebElement.click(RemoteWebElement.java:76)
at org.openqa.selenium.support.pagefactory.internal.LocatingElementHandler.invoke(LocatingElementHandler.java:51)
at jdk.proxy2/jdk.proxy2.$Proxy12.click(Unknown Source)
at org.testone.TestinAdditemfrombrands.testCase010(TestinAdditemfrombrands.java:26)
at java.base/java.util.ArrayList.forEach(ArrayList.java:1511)
... Removed 39 stack frames]]>
    </failure>
  </testcase> <!-- testCase010 -->
  <testcase classname="org.testone.TestingAdditemfrommenu" name="testCase09" time="42.807"/>
  <testcase classname="org.testone.TestingAddtocart" name="testCase005" time="129.505">
    <failure type="org.openqa.selenium.TimeoutException" message="Expected condition failed: waiting for element to be clickable: Proxy element for: DefaultElementLocator &amp;apos;By.id: number&amp;apos; (tried for 10 second(s) with 500 milliseconds interval)">
      <![CDATA[org.openqa.selenium.TimeoutException: Expected condition failed: waiting for element to be clickable: Proxy element for: DefaultElementLocator 'By.id: number' (tried for 10 second(s) with 500 milliseconds interval)
at org.openqa.selenium.support.ui.WebDriverWait.timeoutException(WebDriverWait.java:84)
at org.openqa.selenium.support.ui.FluentWait.until(FluentWait.java:228)
at org.utils.UtilityMethods.webdriverwait(UtilityMethods.java:174)
at org.base.ProjectSpecification.waituntilelementtoclick(ProjectSpecification.java:50)
at org.testone.TestingAddtocart.testCase005(TestingAddtocart.java:66)
at java.base/java.util.ArrayList.forEach(ArrayList.java:1511)
Caused by: org.openqa.selenium.NoSuchElementException: no such element: Unable to locate element: {"method":"css selector","selector":"#number"}
  (Session info: chrome=122.0.6261.131)
For documentation on this error, please visit: https://www.selenium.dev/documentation/webdriver/troubleshooting/errors#no-such-element-exception
Build info: version: '4.17.0', revision: 'e52b1be057*'
System info: os.name: 'Windows 11', os.arch: 'amd64', os.version: '10.0', java.version: '17.0.9'
Driver info: org.openqa.selenium.chrome.ChromeDriver
Command: [446b1e0d853d2c18c103355840af1747, findElement {using=id, value=number}]
Capabilities {acceptInsecureCerts: false, browserName: chrome, browserVersion: 122.0.6261.131, chrome: {chromedriverVersion: 122.0.6261.128 (f18a44fedeb..., userDataDir: C:\Users\HP\AppData\Local\T...}, fedcm:accounts: true, goog:chromeOptions: {debuggerAddress: localhost:49548}, networkConnectionEnabled: false, pageLoadStrategy: normal, platformName: windows, proxy: Proxy(), se:cdp: ws://localhost:49548/devtoo..., se:cdpVersion: 122.0.6261.131, setWindowRect: true, strictFileInteractability: false, timeouts: {implicit: 0, pageLoad: 300000, script: 30000}, unhandledPromptBehavior: dismiss and notify, webauthn:extension:credBlob: true, webauthn:extension:largeBlob: true, webauthn:extension:minPinLength: true, webauthn:extension:prf: true, webauthn:virtualAuthenticators: true}
Session ID: 446b1e0d853d2c18c103355840af1747
at org.openqa.selenium.remote.codec.w3c.W3CHttpResponseCodec.createException(W3CHttpResponseCodec.java:185)
at org.openqa.selenium.remote.codec.w3c.W3CHttpResponseCodec.decode(W3CHttpResponseCodec.java:134)
at org.openqa.selenium.remote.codec.w3c.W3CHttpResponseCodec.decode(W3CHttpResponseCodec.java:51)
at org.openqa.selenium.remote.HttpCommandExecutor.execute(HttpCommandExecutor.java:190)
at org.openqa.selenium.remote.service.DriverCommandExecutor.invokeExecute(DriverCommandExecutor.java:216)
at org.openqa.selenium.remote.service.DriverCommandExecutor.execute(DriverCommandExecutor.java:174)
at org.openqa.selenium.remote.RemoteWebDriver.execute(RemoteWebDriver.java:519)
at org.openqa.selenium.remote.ElementLocation$ElementFinder$2.findElement(ElementLocation.java:165)
at org.openqa.selenium.remote.ElementLocation.findElement(ElementLocation.java:59)
at org.openqa.selenium.remote.RemoteWebDriver.findElement(RemoteWebDriver.java:356)
at org.openqa.selenium.remote.RemoteWebDriver.findElement(RemoteWebDriver.java:350)
at org.openqa.selenium.support.pagefactory.DefaultElementLocator.findElement(DefaultElementLocator.java:68)
at org.openqa.selenium.support.pagefactory.internal.LocatingElementHandler.invoke(LocatingElementHandler.java:38)
at jdk.proxy2/jdk.proxy2.$Proxy12.isDisplayed(Unknown Source)
at org.openqa.selenium.support.ui.ExpectedConditions.elementIfVisible(ExpectedConditions.java:304)
at org.openqa.selenium.support.ui.ExpectedConditions$10.apply(ExpectedConditions.java:290)
at org.openqa.selenium.support.ui.ExpectedConditions$10.apply(ExpectedConditions.java:287)
at org.openqa.selenium.support.ui.ExpectedConditions$23.apply(ExpectedConditions.java:656)
at org.openqa.selenium.support.ui.ExpectedConditions$23.apply(ExpectedConditions.java:652)
at org.openqa.selenium.support.ui.FluentWait.until(FluentWait.java:203)
... 35 more
... Removed 36 stack frames]]>
    </failure>
  </testcase> <!-- testCase005 -->
  <testcase classname="org.testone.TestingCheckout" name="testCase007" time="19.304">
    <failure type="org.openqa.selenium.NoSuchElementException" message="no such element: Unable to locate element: {&amp;quot;method&amp;quot;:&amp;quot;xpath&amp;quot;,&amp;quot;selector&amp;quot;:&amp;quot;//button[@data-track=&amp;apos;Checkout - Top&amp;apos;]&amp;quot;}
  (Session info: chrome=122.0.6261.131)
For documentation on this error, please visit: https://www.selenium.dev/documentation/webdriver/troubleshooting/errors#no-such-element-exception
Build info: version: &amp;apos;4.17.0&amp;apos;, revision: &amp;apos;e52b1be057*&amp;apos;
System info: os.name: &amp;apos;Windows 11&amp;apos;, os.arch: &amp;apos;amd64&amp;apos;, os.version: &amp;apos;10.0&amp;apos;, java.version: &amp;apos;17.0.9&amp;apos;
Driver info: org.openqa.selenium.chrome.ChromeDriver
Command: [ace15e30bb50d50488f5c00b7645e0e4, findElement {using=xpath, value=//button[@data-track=&amp;apos;Checkout - Top&amp;apos;]}]
Capabilities {acceptInsecureCerts: false, browserName: chrome, browserVersion: 122.0.6261.131, chrome: {chromedriverVersion: 122.0.6261.128 (f18a44fedeb..., userDataDir: C:\Users\HP\AppData\Local\T...}, fedcm:accounts: true, goog:chromeOptions: {debuggerAddress: localhost:49938}, networkConnectionEnabled: false, pageLoadStrategy: normal, platformName: windows, proxy: Proxy(), se:cdp: ws://localhost:49938/devtoo..., se:cdpVersion: 122.0.6261.131, setWindowRect: true, strictFileInteractability: false, timeouts: {implicit: 0, pageLoad: 300000, script: 30000}, unhandledPromptBehavior: dismiss and notify, webauthn:extension:credBlob: true, webauthn:extension:largeBlob: true, webauthn:extension:minPinLength: true, webauthn:extension:prf: true, webauthn:virtualAuthenticators: true}
Session ID: ace15e30bb50d50488f5c00b7645e0e4">
      <![CDATA[org.openqa.selenium.NoSuchElementException: no such element: Unable to locate element: {"method":"xpath","selector":"//button[@data-track='Checkout - Top']"}
  (Session info: chrome=122.0.6261.131)
For documentation on this error, please visit: https://www.selenium.dev/documentation/webdriver/troubleshooting/errors#no-such-element-exception
Build info: version: '4.17.0', revision: 'e52b1be057*'
System info: os.name: 'Windows 11', os.arch: 'amd64', os.version: '10.0', java.version: '17.0.9'
Driver info: org.openqa.selenium.chrome.ChromeDriver
Command: [ace15e30bb50d50488f5c00b7645e0e4, findElement {using=xpath, value=//button[@data-track='Checkout - Top']}]
Capabilities {acceptInsecureCerts: false, browserName: chrome, browserVersion: 122.0.6261.131, chrome: {chromedriverVersion: 122.0.6261.128 (f18a44fedeb..., userDataDir: C:\Users\HP\AppData\Local\T...}, fedcm:accounts: true, goog:chromeOptions: {debuggerAddress: localhost:49938}, networkConnectionEnabled: false, pageLoadStrategy: normal, platformName: windows, proxy: Proxy(), se:cdp: ws://localhost:49938/devtoo..., se:cdpVersion: 122.0.6261.131, setWindowRect: true, strictFileInteractability: false, timeouts: {implicit: 0, pageLoad: 300000, script: 30000}, unhandledPromptBehavior: dismiss and notify, webauthn:extension:credBlob: true, webauthn:extension:largeBlob: true, webauthn:extension:minPinLength: true, webauthn:extension:prf: true, webauthn:virtualAuthenticators: true}
Session ID: ace15e30bb50d50488f5c00b7645e0e4
at org.openqa.selenium.remote.codec.w3c.W3CHttpResponseCodec.createException(W3CHttpResponseCodec.java:185)
at org.openqa.selenium.remote.codec.w3c.W3CHttpResponseCodec.decode(W3CHttpResponseCodec.java:134)
at org.openqa.selenium.remote.codec.w3c.W3CHttpResponseCodec.decode(W3CHttpResponseCodec.java:51)
at org.openqa.selenium.remote.HttpCommandExecutor.execute(HttpCommandExecutor.java:190)
at org.openqa.selenium.remote.service.DriverCommandExecutor.invokeExecute(DriverCommandExecutor.java:216)
at org.openqa.selenium.remote.service.DriverCommandExecutor.execute(DriverCommandExecutor.java:174)
at org.openqa.selenium.remote.RemoteWebDriver.execute(RemoteWebDriver.java:519)
at org.openqa.selenium.remote.ElementLocation$ElementFinder$2.findElement(ElementLocation.java:165)
at org.openqa.selenium.remote.ElementLocation.findElement(ElementLocation.java:59)
at org.openqa.selenium.remote.RemoteWebDriver.findElement(RemoteWebDriver.java:356)
at org.openqa.selenium.remote.RemoteWebDriver.findElement(RemoteWebDriver.java:350)
at org.openqa.selenium.support.pagefactory.DefaultElementLocator.findElement(DefaultElementLocator.java:68)
at org.openqa.selenium.support.pagefactory.internal.LocatingElementHandler.invoke(LocatingElementHandler.java:38)
at jdk.proxy2/jdk.proxy2.$Proxy12.click(Unknown Source)
at org.testone.TestingCheckout.testCase007(TestingCheckout.java:22)
at java.base/java.util.ArrayList.forEach(ArrayList.java:1511)
... Removed 36 stack frames]]>
    </failure>
  </testcase> <!-- testCase007 -->
</testsuite> <!-- Test -->
