<?xml version="1.0" encoding="UTF-8"?>
<testsuite xmlns:xsi="http://www.w3.org/2001/XMLSchema-instance" xsi:noNamespaceSchemaLocation="https://maven.apache.org/surefire/maven-surefire-plugin/xsd/surefire-test-report-3.0.xsd" version="3.0" name="TestSuite" time="443.87" tests="9" errors="0" skipped="0" failures="3">
  <properties>
[...]
</properties>
  <testcase name="testcase001[sivakumar2810, 3, sivadot07gmail@.com, Adsesivawr, Adsesivawr, 8015648363](1)" classname="org.testone.TestingSignin" time="17.288">
    <system-out><![CDATA[



datas fetched Successfully
]]></system-out>
    <system-err><![CDATA[SLF4J(W): No SLF4J providers were found.
SLF4J(W): Defaulting to no-operation (NOP) logger implementation
SLF4J(W): See https://www.slf4j.org/codes.html#noProviders for further details.
ERROR StatusLogger Log4j2 could not find a logging implementation. Please add log4j-core to the classpath. Using SimpleLogger to log to the console...
Cleaning up unclosed ZipFile for archive C:\Users\HP\Eclipse workspace new\BestBuy_Evaluation\File\signupdatas.xlsx
Mar 24, 2024 5:26:43 PM org.openqa.selenium.devtools.CdpVersionFinder findNearestMatch
WARNING: Unable to find an exact match for CDP version 122, returning the closest version; found: 121; Please update to a Selenium version that supports CDP version 122
]]></system-err>
  </testcase>
  <testcase name="testcase001[sivakumaer@, A, sivadot@2810gmail.com, adse9566@, adse9566@, 8015648363](2)" classname="org.testone.TestingSignin" time="14.872">
    <system-err><![CDATA[Mar 24, 2024 5:27:17 PM org.openqa.selenium.devtools.CdpVersionFinder findNearestMatch
WARNING: Unable to find an exact match for CDP version 122, returning the closest version; found: 121; Please update to a Selenium version that supports CDP version 122
]]></system-err>
  </testcase>
  <testcase name="testcase001[siv akumar, #, sivadot 2810gmail.com, ADSE9566@, ADSE9566@, 8015648363](3)" classname="org.testone.TestingSignin" time="15.022">
    <system-err><![CDATA[Mar 24, 2024 5:27:45 PM org.openqa.selenium.devtools.CdpVersionFinder findNearestMatch
WARNING: Unable to find an exact match for CDP version 122, returning the closest version; found: 121; Please update to a Selenium version that supports CDP version 122
]]></system-err>
  </testcase>
  <testcase name="testcase001[Sivakumar, A, sivadot2810@gmail.com, Adse9566@8015#Sgia, Adse9566@8015#Sgia, 8015648363](4)" classname="org.testone.TestingSignin" time="24.831">
    <failure message="no such element: Unable to locate element: {&quot;method&quot;:&quot;css selector&quot;,&quot;selector&quot;:&quot;#\/\/button\[\@type\=\&apos;submit\&apos;\]&quot;}&#10;  (Session info: chrome=122.0.6261.131)&#10;For documentation on this error, please visit: https://www.selenium.dev/documentation/webdriver/troubleshooting/errors#no-such-element-exception&#10;Build info: version: &apos;4.17.0&apos;, revision: &apos;e52b1be057*&apos;&#10;System info: os.name: &apos;Windows 11&apos;, os.arch: &apos;amd64&apos;, os.version: &apos;10.0&apos;, java.version: &apos;17.0.9&apos;&#10;Driver info: org.openqa.selenium.chrome.ChromeDriver&#10;Command: [a7419feb331b37c00d35df1a0662bf42, findElement {using=id, value=//button[@type=&apos;submit&apos;]}]&#10;Capabilities {acceptInsecureCerts: false, browserName: chrome, browserVersion: 122.0.6261.131, chrome: {chromedriverVersion: 122.0.6261.128 (f18a44fedeb..., userDataDir: C:\Users\HP\AppData\Local\T...}, fedcm:accounts: true, goog:chromeOptions: {debuggerAddress: localhost:61534}, networkConnectionEnabled: false, pageLoadStrategy: normal, platformName: windows, proxy: Proxy(), se:cdp: ws://localhost:61534/devtoo..., se:cdpVersion: 122.0.6261.131, setWindowRect: true, strictFileInteractability: false, timeouts: {implicit: 0, pageLoad: 300000, script: 30000}, unhandledPromptBehavior: dismiss and notify, webauthn:extension:credBlob: true, webauthn:extension:largeBlob: true, webauthn:extension:minPinLength: true, webauthn:extension:prf: true, webauthn:virtualAuthenticators: true}&#10;Session ID: a7419feb331b37c00d35df1a0662bf42" type="org.openqa.selenium.NoSuchElementException"><![CDATA[org.openqa.selenium.NoSuchElementException: 
no such element: Unable to locate element: {"method":"css selector","selector":"#\/\/button\[\@type\=\'submit\'\]"}
  (Session info: chrome=122.0.6261.131)
For documentation on this error, please visit: https://www.selenium.dev/documentation/webdriver/troubleshooting/errors#no-such-element-exception
Build info: version: '4.17.0', revision: 'e52b1be057*'
System info: os.name: 'Windows 11', os.arch: 'amd64', os.version: '10.0', java.version: '17.0.9'
Driver info: org.openqa.selenium.chrome.ChromeDriver
Command: [a7419feb331b37c00d35df1a0662bf42, findElement {using=id, value=//button[@type='submit']}]
Capabilities {acceptInsecureCerts: false, browserName: chrome, browserVersion: 122.0.6261.131, chrome: {chromedriverVersion: 122.0.6261.128 (f18a44fedeb..., userDataDir: C:\Users\HP\AppData\Local\T...}, fedcm:accounts: true, goog:chromeOptions: {debuggerAddress: localhost:61534}, networkConnectionEnabled: false, pageLoadStrategy: normal, platformName: windows, proxy: Proxy(), se:cdp: ws://localhost:61534/devtoo..., se:cdpVersion: 122.0.6261.131, setWindowRect: true, strictFileInteractability: false, timeouts: {implicit: 0, pageLoad: 300000, script: 30000}, unhandledPromptBehavior: dismiss and notify, webauthn:extension:credBlob: true, webauthn:extension:largeBlob: true, webauthn:extension:minPinLength: true, webauthn:extension:prf: true, webauthn:virtualAuthenticators: true}
Session ID: a7419feb331b37c00d35df1a0662bf42
	at org.testone.TestingSignin.testcase001(TestingSignin.java:24)
]]></failure>
    <system-err><![CDATA[Mar 24, 2024 5:28:16 PM org.openqa.selenium.devtools.CdpVersionFinder findNearestMatch
WARNING: Unable to find an exact match for CDP version 122, returning the closest version; found: 121; Please update to a Selenium version that supports CDP version 122
]]></system-err>
  </testcase>
  <testcase name="testCase002" classname="org.testone.TestingLogin" time="12.527">
    <system-err><![CDATA[Mar 24, 2024 5:28:57 PM org.openqa.selenium.devtools.CdpVersionFinder findNearestMatch
WARNING: Unable to find an exact match for CDP version 122, returning the closest version; found: 121; Please update to a Selenium version that supports CDP version 122
]]></system-err>
  </testcase>
  <testcase name="testCase003" classname="org.testone.TestingMenu" time="74.779">
    <system-out><![CDATA[Top Deals and Featured Offers on Electronics - Best Buy
Deal of the Day: Electronics Deals - Best Buy
Yes, Best Buy Sells That – Best Buy
Best Buy Credit Card: Rewards & Financing
Gifts Cards and E-Gift Cards - Best Buy
Gift Ideas 2024: Best Gifts to Give This Year - Best Buy
]]></system-out>
    <system-err><![CDATA[Mar 24, 2024 5:29:23 PM org.openqa.selenium.devtools.CdpVersionFinder findNearestMatch
WARNING: Unable to find an exact match for CDP version 122, returning the closest version; found: 121; Please update to a Selenium version that supports CDP version 122
]]></system-err>
  </testcase>
  <testcase name="testCase004" classname="org.testone.TestingBottomMenu" time="85.249">
    <system-out><![CDATA[Accessibility - Best Buy
BestBuy.com Terms and Conditions
Privacy Policy Hub - Best Buy
Interest-Based Ads - Best Buy
State Privacy Rights - Best Buy
Privacy Policy Hub - Best Buy
Start Request - Best Buy
Best Buy
]]></system-out>
    <system-err><![CDATA[Mar 24, 2024 5:30:53 PM org.openqa.selenium.devtools.CdpVersionFinder findNearestMatch
WARNING: Unable to find an exact match for CDP version 122, returning the closest version; found: 121; Please update to a Selenium version that supports CDP version 122
]]></system-err>
  </testcase>
  <testcase name="testCase005" classname="org.testone.TestingAddtocart" time="35.922">
    <failure message="element click intercepted: Element &lt;button class=&quot;c-button c-button-primary c-button-lg c-button-block c-button-icon c-button-icon-leading add-to-cart-button&quot; type=&quot;button&quot; data-sku-id=&quot;6570268&quot; data-button-state=&quot;ADD_TO_CART&quot; style=&quot;padding: 0px 8px; margin-bottom: 8px; margin-left: 0px;&quot;&gt;...&lt;/button&gt; is not clickable at point (999, 125). Other element would receive the click: &lt;div id=&quot;confirmIt-backdrop&quot; class=&quot;confirmIt modal-backdrop in&quot;&gt;&lt;/div&gt;&#10;  (Session info: chrome=122.0.6261.131)&#10;Build info: version: &apos;4.17.0&apos;, revision: &apos;e52b1be057*&apos;&#10;System info: os.name: &apos;Windows 11&apos;, os.arch: &apos;amd64&apos;, os.version: &apos;10.0&apos;, java.version: &apos;17.0.9&apos;&#10;Driver info: org.openqa.selenium.chrome.ChromeDriver&#10;Command: [9ee9a62fe05dbb80ffd6960ddb723072, clickElement {id=f.ABE44F51C449CFF4A0DD23255A171B66.d.BE0B341FDE945A95CB16030604C29825.e.328}]&#10;Capabilities {acceptInsecureCerts: false, browserName: chrome, browserVersion: 122.0.6261.131, chrome: {chromedriverVersion: 122.0.6261.128 (f18a44fedeb..., userDataDir: C:\Users\HP\AppData\Local\T...}, fedcm:accounts: true, goog:chromeOptions: {debuggerAddress: localhost:63816}, networkConnectionEnabled: false, pageLoadStrategy: normal, platformName: windows, proxy: Proxy(), se:cdp: ws://localhost:63816/devtoo..., se:cdpVersion: 122.0.6261.131, setWindowRect: true, strictFileInteractability: false, timeouts: {implicit: 0, pageLoad: 300000, script: 30000}, unhandledPromptBehavior: dismiss and notify, webauthn:extension:credBlob: true, webauthn:extension:largeBlob: true, webauthn:extension:minPinLength: true, webauthn:extension:prf: true, webauthn:virtualAuthenticators: true}&#10;Element: [[ChromeDriver: chrome on windows (9ee9a62fe05dbb80ffd6960ddb723072)] -&gt; xpath: //button[@data-sku-id=&apos;6570268&apos;]]&#10;Session ID: 9ee9a62fe05dbb80ffd6960ddb723072" type="org.openqa.selenium.ElementClickInterceptedException"><![CDATA[org.openqa.selenium.ElementClickInterceptedException: 
element click intercepted: Element <button class="c-button c-button-primary c-button-lg c-button-block c-button-icon c-button-icon-leading add-to-cart-button" type="button" data-sku-id="6570268" data-button-state="ADD_TO_CART" style="padding: 0px 8px; margin-bottom: 8px; margin-left: 0px;">...</button> is not clickable at point (999, 125). Other element would receive the click: <div id="confirmIt-backdrop" class="confirmIt modal-backdrop in"></div>
  (Session info: chrome=122.0.6261.131)
Build info: version: '4.17.0', revision: 'e52b1be057*'
System info: os.name: 'Windows 11', os.arch: 'amd64', os.version: '10.0', java.version: '17.0.9'
Driver info: org.openqa.selenium.chrome.ChromeDriver
Command: [9ee9a62fe05dbb80ffd6960ddb723072, clickElement {id=f.ABE44F51C449CFF4A0DD23255A171B66.d.BE0B341FDE945A95CB16030604C29825.e.328}]
Capabilities {acceptInsecureCerts: false, browserName: chrome, browserVersion: 122.0.6261.131, chrome: {chromedriverVersion: 122.0.6261.128 (f18a44fedeb..., userDataDir: C:\Users\HP\AppData\Local\T...}, fedcm:accounts: true, goog:chromeOptions: {debuggerAddress: localhost:63816}, networkConnectionEnabled: false, pageLoadStrategy: normal, platformName: windows, proxy: Proxy(), se:cdp: ws://localhost:63816/devtoo..., se:cdpVersion: 122.0.6261.131, setWindowRect: true, strictFileInteractability: false, timeouts: {implicit: 0, pageLoad: 300000, script: 30000}, unhandledPromptBehavior: dismiss and notify, webauthn:extension:credBlob: true, webauthn:extension:largeBlob: true, webauthn:extension:minPinLength: true, webauthn:extension:prf: true, webauthn:virtualAuthenticators: true}
Element: [[ChromeDriver: chrome on windows (9ee9a62fe05dbb80ffd6960ddb723072)] -> xpath: //button[@data-sku-id='6570268']]
Session ID: 9ee9a62fe05dbb80ffd6960ddb723072
	at org.testone.TestingAddtocart.testCase005(TestingAddtocart.java:28)
]]></failure>
    <system-err><![CDATA[Mar 24, 2024 5:32:34 PM org.openqa.selenium.devtools.CdpVersionFinder findNearestMatch
WARNING: Unable to find an exact match for CDP version 122, returning the closest version; found: 121; Please update to a Selenium version that supports CDP version 122
]]></system-err>
  </testcase>
  <testcase name="testCase007" classname="org.testone.TestingCheckout" time="19.357">
    <failure message="no such element: Unable to locate element: {&quot;method&quot;:&quot;xpath&quot;,&quot;selector&quot;:&quot;//button[@data-track=&apos;Checkout - Top&apos;]&quot;}&#10;  (Session info: chrome=122.0.6261.131)&#10;For documentation on this error, please visit: https://www.selenium.dev/documentation/webdriver/troubleshooting/errors#no-such-element-exception&#10;Build info: version: &apos;4.17.0&apos;, revision: &apos;e52b1be057*&apos;&#10;System info: os.name: &apos;Windows 11&apos;, os.arch: &apos;amd64&apos;, os.version: &apos;10.0&apos;, java.version: &apos;17.0.9&apos;&#10;Driver info: org.openqa.selenium.chrome.ChromeDriver&#10;Command: [030df12adf73e594d0ca2f23462c8ed6, findElement {using=xpath, value=//button[@data-track=&apos;Checkout - Top&apos;]}]&#10;Capabilities {acceptInsecureCerts: false, browserName: chrome, browserVersion: 122.0.6261.131, chrome: {chromedriverVersion: 122.0.6261.128 (f18a44fedeb..., userDataDir: C:\Users\HP\AppData\Local\T...}, fedcm:accounts: true, goog:chromeOptions: {debuggerAddress: localhost:64067}, networkConnectionEnabled: false, pageLoadStrategy: normal, platformName: windows, proxy: Proxy(), se:cdp: ws://localhost:64067/devtoo..., se:cdpVersion: 122.0.6261.131, setWindowRect: true, strictFileInteractability: false, timeouts: {implicit: 0, pageLoad: 300000, script: 30000}, unhandledPromptBehavior: dismiss and notify, webauthn:extension:credBlob: true, webauthn:extension:largeBlob: true, webauthn:extension:minPinLength: true, webauthn:extension:prf: true, webauthn:virtualAuthenticators: true}&#10;Session ID: 030df12adf73e594d0ca2f23462c8ed6" type="org.openqa.selenium.NoSuchElementException"><![CDATA[org.openqa.selenium.NoSuchElementException: 
no such element: Unable to locate element: {"method":"xpath","selector":"//button[@data-track='Checkout - Top']"}
  (Session info: chrome=122.0.6261.131)
For documentation on this error, please visit: https://www.selenium.dev/documentation/webdriver/troubleshooting/errors#no-such-element-exception
Build info: version: '4.17.0', revision: 'e52b1be057*'
System info: os.name: 'Windows 11', os.arch: 'amd64', os.version: '10.0', java.version: '17.0.9'
Driver info: org.openqa.selenium.chrome.ChromeDriver
Command: [030df12adf73e594d0ca2f23462c8ed6, findElement {using=xpath, value=//button[@data-track='Checkout - Top']}]
Capabilities {acceptInsecureCerts: false, browserName: chrome, browserVersion: 122.0.6261.131, chrome: {chromedriverVersion: 122.0.6261.128 (f18a44fedeb..., userDataDir: C:\Users\HP\AppData\Local\T...}, fedcm:accounts: true, goog:chromeOptions: {debuggerAddress: localhost:64067}, networkConnectionEnabled: false, pageLoadStrategy: normal, platformName: windows, proxy: Proxy(), se:cdp: ws://localhost:64067/devtoo..., se:cdpVersion: 122.0.6261.131, setWindowRect: true, strictFileInteractability: false, timeouts: {implicit: 0, pageLoad: 300000, script: 30000}, unhandledPromptBehavior: dismiss and notify, webauthn:extension:credBlob: true, webauthn:extension:largeBlob: true, webauthn:extension:minPinLength: true, webauthn:extension:prf: true, webauthn:virtualAuthenticators: true}
Session ID: 030df12adf73e594d0ca2f23462c8ed6
	at org.testone.TestingCheckout.testCase007(TestingCheckout.java:20)
]]></failure>
    <system-err><![CDATA[Mar 24, 2024 5:33:25 PM org.openqa.selenium.devtools.CdpVersionFinder findNearestMatch
WARNING: Unable to find an exact match for CDP version 122, returning the closest version; found: 121; Please update to a Selenium version that supports CDP version 122
]]></system-err>
  </testcase>
</testsuite>