<?xml version="1.0" encoding="UTF-8"?>
<testsuite xmlns:xsi="http://www.w3.org/2001/XMLSchema-instance" xsi:noNamespaceSchemaLocation="https://maven.apache.org/surefire/maven-surefire-plugin/xsd/surefire-test-report-3.0.xsd" version="3.0" name="TestSuite" time="649.353" tests="11" errors="0" skipped="0" failures="3">
  <properties>
[...]
</properties>
  <testcase name="testcase001[sivakumar2810, 3, sivadot07gmail@.com, Adsesivawr, Adsesivawr, 8015648363](1)" classname="org.testone.TestingSignin" time="13.022">
    <system-out><![CDATA[



datas fetched Successfully
]]></system-out>
    <system-err><![CDATA[SLF4J(W): No SLF4J providers were found.
SLF4J(W): Defaulting to no-operation (NOP) logger implementation
SLF4J(W): See https://www.slf4j.org/codes.html#noProviders for further details.
ERROR StatusLogger Log4j2 could not find a logging implementation. Please add log4j-core to the classpath. Using SimpleLogger to log to the console...
Cleaning up unclosed ZipFile for archive C:\Users\HP\Eclipse workspace new\BestBuy_Evaluation\File\signupdatas.xlsx
Mar 25, 2024 6:40:00 PM org.openqa.selenium.devtools.CdpVersionFinder findNearestMatch
WARNING: Unable to find an exact match for CDP version 122, returning the closest version; found: 121; Please update to a Selenium version that supports CDP version 122
]]></system-err>
  </testcase>
  <testcase name="testcase001[sivakumaer@, A, sivadot@2810gmail.com, adse9566@, adse9566@, 8015648363](2)" classname="org.testone.TestingSignin" time="12.295">
    <system-err><![CDATA[Mar 25, 2024 6:40:31 PM org.openqa.selenium.devtools.CdpVersionFinder findNearestMatch
WARNING: Unable to find an exact match for CDP version 122, returning the closest version; found: 121; Please update to a Selenium version that supports CDP version 122
]]></system-err>
  </testcase>
  <testcase name="testcase001[siv akumar, #, sivadot 2810gmail.com, ADSE9566@, ADSE9566@, 8015648363](3)" classname="org.testone.TestingSignin" time="13.578">
    <system-err><![CDATA[Mar 25, 2024 6:40:58 PM org.openqa.selenium.devtools.CdpVersionFinder findNearestMatch
WARNING: Unable to find an exact match for CDP version 122, returning the closest version; found: 121; Please update to a Selenium version that supports CDP version 122
]]></system-err>
  </testcase>
  <testcase name="testcase001[Sivakumar, A, sivadot2810@gmail.com, Adse9566@8015#Sgia, Adse9566@8015#Sgia, 8015648363](4)" classname="org.testone.TestingSignin" time="16.277">
    <system-err><![CDATA[Mar 25, 2024 6:41:27 PM org.openqa.selenium.devtools.CdpVersionFinder findNearestMatch
WARNING: Unable to find an exact match for CDP version 122, returning the closest version; found: 121; Please update to a Selenium version that supports CDP version 122
]]></system-err>
  </testcase>
  <testcase name="testCase002" classname="org.testone.TestingLogin" time="14.387">
    <system-err><![CDATA[Mar 25, 2024 6:41:58 PM org.openqa.selenium.devtools.CdpVersionFinder findNearestMatch
WARNING: Unable to find an exact match for CDP version 122, returning the closest version; found: 121; Please update to a Selenium version that supports CDP version 122
]]></system-err>
  </testcase>
  <testcase name="testCase004" classname="org.testone.TestingBottomMenu" time="85.906">
    <system-out><![CDATA[Accessibility - Best Buy
BestBuy.com Terms and Conditions
Privacy Policy Hub - Best Buy
Interest-Based Ads - Best Buy
State Privacy Rights - Best Buy
Privacy Policy Hub - Best Buy
Start Request - Best Buy
Best Buy
]]></system-out>
    <system-err><![CDATA[Mar 25, 2024 6:42:27 PM org.openqa.selenium.devtools.CdpVersionFinder findNearestMatch
WARNING: Unable to find an exact match for CDP version 122, returning the closest version; found: 121; Please update to a Selenium version that supports CDP version 122
]]></system-err>
  </testcase>
  <testcase name="testCase003" classname="org.testone.TestingMenu" time="82.372">
    <system-out><![CDATA[Top Deals and Featured Offers on Electronics - Best Buy
Deal of the Day: Electronics Deals - Best Buy
Yes, Best Buy Sells That – Best Buy
Best Buy Credit Card: Rewards & Financing
Gifts Cards and E-Gift Cards - Best Buy
Gift Ideas 2024: Best Gifts to Give This Year - Best Buy
]]></system-out>
    <system-err><![CDATA[Mar 25, 2024 6:44:08 PM org.openqa.selenium.devtools.CdpVersionFinder findNearestMatch
WARNING: Unable to find an exact match for CDP version 122, returning the closest version; found: 121; Please update to a Selenium version that supports CDP version 122
]]></system-err>
  </testcase>
  <testcase name="testCase010" classname="org.testone.TestinAdditemfrombrands" time="39.364">
    <failure message="element click intercepted: Element &lt;button class=&quot;c-button c-button-primary c-button-lg c-button-block c-button-icon c-button-icon-leading add-to-cart-button&quot; type=&quot;button&quot; data-sku-id=&quot;6535561&quot; data-button-state=&quot;ADD_TO_CART&quot; style=&quot;padding:0 8px;margin-bottom:8px;margin-left:0px&quot;&gt;...&lt;/button&gt; is not clickable at point (999, 22). Other element would receive the click: &lt;button class=&quot;c-button-unstyled store-loc-btn&quot; type=&quot;button&quot; aria-label=&quot;Your Store: North Anchorage (Tikahtnu Commons)&quot; data-cy=&quot;location-tooltip-lv-button&quot; aria-expanded=&quot;false&quot; aria-controls=&quot;store-loc-overlay&quot;&gt;...&lt;/button&gt;&#10;  (Session info: chrome=122.0.6261.131)&#10;Build info: version: &apos;4.17.0&apos;, revision: &apos;e52b1be057*&apos;&#10;System info: os.name: &apos;Windows 11&apos;, os.arch: &apos;amd64&apos;, os.version: &apos;10.0&apos;, java.version: &apos;17.0.9&apos;&#10;Driver info: org.openqa.selenium.chrome.ChromeDriver&#10;Command: [8dbd558b152f374dd9ab2ab597ada7dc, clickElement {id=f.9C16F0FA7D9A60FB43029005E0B0CA23.d.FA70EBCB52FEE3017B1F8E332C543F75.e.435}]&#10;Capabilities {acceptInsecureCerts: false, browserName: chrome, browserVersion: 122.0.6261.131, chrome: {chromedriverVersion: 122.0.6261.128 (f18a44fedeb..., userDataDir: C:\Users\HP\AppData\Local\T...}, fedcm:accounts: true, goog:chromeOptions: {debuggerAddress: localhost:65474}, networkConnectionEnabled: false, pageLoadStrategy: normal, platformName: windows, proxy: Proxy(), se:cdp: ws://localhost:65474/devtoo..., se:cdpVersion: 122.0.6261.131, setWindowRect: true, strictFileInteractability: false, timeouts: {implicit: 0, pageLoad: 300000, script: 30000}, unhandledPromptBehavior: dismiss and notify, webauthn:extension:credBlob: true, webauthn:extension:largeBlob: true, webauthn:extension:minPinLength: true, webauthn:extension:prf: true, webauthn:virtualAuthenticators: true}&#10;Element: [[ChromeDriver: chrome on windows (8dbd558b152f374dd9ab2ab597ada7dc)] -&gt; xpath: (//button[@data-sku-id=&apos;6535561&apos;])[1]]&#10;Session ID: 8dbd558b152f374dd9ab2ab597ada7dc" type="org.openqa.selenium.ElementClickInterceptedException"><![CDATA[org.openqa.selenium.ElementClickInterceptedException: 
element click intercepted: Element <button class="c-button c-button-primary c-button-lg c-button-block c-button-icon c-button-icon-leading add-to-cart-button" type="button" data-sku-id="6535561" data-button-state="ADD_TO_CART" style="padding:0 8px;margin-bottom:8px;margin-left:0px">...</button> is not clickable at point (999, 22). Other element would receive the click: <button class="c-button-unstyled store-loc-btn" type="button" aria-label="Your Store: North Anchorage (Tikahtnu Commons)" data-cy="location-tooltip-lv-button" aria-expanded="false" aria-controls="store-loc-overlay">...</button>
  (Session info: chrome=122.0.6261.131)
Build info: version: '4.17.0', revision: 'e52b1be057*'
System info: os.name: 'Windows 11', os.arch: 'amd64', os.version: '10.0', java.version: '17.0.9'
Driver info: org.openqa.selenium.chrome.ChromeDriver
Command: [8dbd558b152f374dd9ab2ab597ada7dc, clickElement {id=f.9C16F0FA7D9A60FB43029005E0B0CA23.d.FA70EBCB52FEE3017B1F8E332C543F75.e.435}]
Capabilities {acceptInsecureCerts: false, browserName: chrome, browserVersion: 122.0.6261.131, chrome: {chromedriverVersion: 122.0.6261.128 (f18a44fedeb..., userDataDir: C:\Users\HP\AppData\Local\T...}, fedcm:accounts: true, goog:chromeOptions: {debuggerAddress: localhost:65474}, networkConnectionEnabled: false, pageLoadStrategy: normal, platformName: windows, proxy: Proxy(), se:cdp: ws://localhost:65474/devtoo..., se:cdpVersion: 122.0.6261.131, setWindowRect: true, strictFileInteractability: false, timeouts: {implicit: 0, pageLoad: 300000, script: 30000}, unhandledPromptBehavior: dismiss and notify, webauthn:extension:credBlob: true, webauthn:extension:largeBlob: true, webauthn:extension:minPinLength: true, webauthn:extension:prf: true, webauthn:virtualAuthenticators: true}
Element: [[ChromeDriver: chrome on windows (8dbd558b152f374dd9ab2ab597ada7dc)] -> xpath: (//button[@data-sku-id='6535561'])[1]]
Session ID: 8dbd558b152f374dd9ab2ab597ada7dc
	at org.testone.TestinAdditemfrombrands.testCase010(TestinAdditemfrombrands.java:26)
]]></failure>
    <system-err><![CDATA[Mar 25, 2024 6:45:45 PM org.openqa.selenium.devtools.CdpVersionFinder findNearestMatch
WARNING: Unable to find an exact match for CDP version 122, returning the closest version; found: 121; Please update to a Selenium version that supports CDP version 122
]]></system-err>
  </testcase>
  <testcase name="testCase09" classname="org.testone.TestingAdditemfrommenu" time="43.861">
    <system-err><![CDATA[Mar 25, 2024 6:46:41 PM org.openqa.selenium.devtools.CdpVersionFinder findNearestMatch
WARNING: Unable to find an exact match for CDP version 122, returning the closest version; found: 121; Please update to a Selenium version that supports CDP version 122
]]></system-err>
  </testcase>
  <testcase name="testCase005" classname="org.testone.TestingAddtocart" time="130.172">
    <failure message="Expected condition failed: waiting for element to be clickable: Proxy element for: DefaultElementLocator &apos;By.id: number&apos; (tried for 10 second(s) with 500 milliseconds interval)" type="org.openqa.selenium.TimeoutException"><![CDATA[org.openqa.selenium.TimeoutException: Expected condition failed: waiting for element to be clickable: Proxy element for: DefaultElementLocator 'By.id: number' (tried for 10 second(s) with 500 milliseconds interval)
	at org.testone.TestingAddtocart.testCase005(TestingAddtocart.java:66)
Caused by: org.openqa.selenium.NoSuchElementException: 
no such element: Unable to locate element: {"method":"css selector","selector":"#number"}
  (Session info: chrome=122.0.6261.131)
For documentation on this error, please visit: https://www.selenium.dev/documentation/webdriver/troubleshooting/errors#no-such-element-exception
Build info: version: '4.17.0', revision: 'e52b1be057*'
System info: os.name: 'Windows 11', os.arch: 'amd64', os.version: '10.0', java.version: '17.0.9'
Driver info: org.openqa.selenium.chrome.ChromeDriver
Command: [446b1e0d853d2c18c103355840af1747, findElement {using=id, value=number}]
Capabilities {acceptInsecureCerts: false, browserName: chrome, browserVersion: 122.0.6261.131, chrome: {chromedriverVersion: 122.0.6261.128 (f18a44fedeb..., userDataDir: C:\Users\HP\AppData\Local\T...}, fedcm:accounts: true, goog:chromeOptions: {debuggerAddress: localhost:49548}, networkConnectionEnabled: false, pageLoadStrategy: normal, platformName: windows, proxy: Proxy(), se:cdp: ws://localhost:49548/devtoo..., se:cdpVersion: 122.0.6261.131, setWindowRect: true, strictFileInteractability: false, timeouts: {implicit: 0, pageLoad: 300000, script: 30000}, unhandledPromptBehavior: dismiss and notify, webauthn:extension:credBlob: true, webauthn:extension:largeBlob: true, webauthn:extension:minPinLength: true, webauthn:extension:prf: true, webauthn:virtualAuthenticators: true}
Session ID: 446b1e0d853d2c18c103355840af1747
	at org.testone.TestingAddtocart.testCase005(TestingAddtocart.java:66)
]]></failure>
    <system-err><![CDATA[Mar 25, 2024 6:47:41 PM org.openqa.selenium.devtools.CdpVersionFinder findNearestMatch
WARNING: Unable to find an exact match for CDP version 122, returning the closest version; found: 121; Please update to a Selenium version that supports CDP version 122
]]></system-err>
  </testcase>
  <testcase name="testCase007" classname="org.testone.TestingCheckout" time="19.891">
    <failure message="no such element: Unable to locate element: {&quot;method&quot;:&quot;xpath&quot;,&quot;selector&quot;:&quot;//button[@data-track=&apos;Checkout - Top&apos;]&quot;}&#10;  (Session info: chrome=122.0.6261.131)&#10;For documentation on this error, please visit: https://www.selenium.dev/documentation/webdriver/troubleshooting/errors#no-such-element-exception&#10;Build info: version: &apos;4.17.0&apos;, revision: &apos;e52b1be057*&apos;&#10;System info: os.name: &apos;Windows 11&apos;, os.arch: &apos;amd64&apos;, os.version: &apos;10.0&apos;, java.version: &apos;17.0.9&apos;&#10;Driver info: org.openqa.selenium.chrome.ChromeDriver&#10;Command: [ace15e30bb50d50488f5c00b7645e0e4, findElement {using=xpath, value=//button[@data-track=&apos;Checkout - Top&apos;]}]&#10;Capabilities {acceptInsecureCerts: false, browserName: chrome, browserVersion: 122.0.6261.131, chrome: {chromedriverVersion: 122.0.6261.128 (f18a44fedeb..., userDataDir: C:\Users\HP\AppData\Local\T...}, fedcm:accounts: true, goog:chromeOptions: {debuggerAddress: localhost:49938}, networkConnectionEnabled: false, pageLoadStrategy: normal, platformName: windows, proxy: Proxy(), se:cdp: ws://localhost:49938/devtoo..., se:cdpVersion: 122.0.6261.131, setWindowRect: true, strictFileInteractability: false, timeouts: {implicit: 0, pageLoad: 300000, script: 30000}, unhandledPromptBehavior: dismiss and notify, webauthn:extension:credBlob: true, webauthn:extension:largeBlob: true, webauthn:extension:minPinLength: true, webauthn:extension:prf: true, webauthn:virtualAuthenticators: true}&#10;Session ID: ace15e30bb50d50488f5c00b7645e0e4" type="org.openqa.selenium.NoSuchElementException"><![CDATA[org.openqa.selenium.NoSuchElementException: 
no such element: Unable to locate element: {"method":"xpath","selector":"//button[@data-track='Checkout - Top']"}
  (Session info: chrome=122.0.6261.131)
For documentation on this error, please visit: https://www.selenium.dev/documentation/webdriver/troubleshooting/errors#no-such-element-exception
Build info: version: '4.17.0', revision: 'e52b1be057*'
System info: os.name: 'Windows 11', os.arch: 'amd64', os.version: '10.0', java.version: '17.0.9'
Driver info: org.openqa.selenium.chrome.ChromeDriver
Command: [ace15e30bb50d50488f5c00b7645e0e4, findElement {using=xpath, value=//button[@data-track='Checkout - Top']}]
Capabilities {acceptInsecureCerts: false, browserName: chrome, browserVersion: 122.0.6261.131, chrome: {chromedriverVersion: 122.0.6261.128 (f18a44fedeb..., userDataDir: C:\Users\HP\AppData\Local\T...}, fedcm:accounts: true, goog:chromeOptions: {debuggerAddress: localhost:49938}, networkConnectionEnabled: false, pageLoadStrategy: normal, platformName: windows, proxy: Proxy(), se:cdp: ws://localhost:49938/devtoo..., se:cdpVersion: 122.0.6261.131, setWindowRect: true, strictFileInteractability: false, timeouts: {implicit: 0, pageLoad: 300000, script: 30000}, unhandledPromptBehavior: dismiss and notify, webauthn:extension:credBlob: true, webauthn:extension:largeBlob: true, webauthn:extension:minPinLength: true, webauthn:extension:prf: true, webauthn:virtualAuthenticators: true}
Session ID: ace15e30bb50d50488f5c00b7645e0e4
	at org.testone.TestingCheckout.testCase007(TestingCheckout.java:22)
]]></failure>
    <system-err><![CDATA[Mar 25, 2024 6:50:09 PM org.openqa.selenium.devtools.CdpVersionFinder findNearestMatch
WARNING: Unable to find an exact match for CDP version 122, returning the closest version; found: 121; Please update to a Selenium version that supports CDP version 122
]]></system-err>
  </testcase>
</testsuite>